<?xml version="1.0" encoding="UTF-8"?>
<!-- Generated by org.testng.reporters.JUnitReportReporter -->
<testsuite hostname="DESKTOP-91HRFE0" failures="0" tests="6" name="Test.LoginPageTest1" time="15.632" errors="0" timestamp="2023-01-02T21:17:57 IST" skipped="0">
  <testcase classname="Test.LoginPageTest1" name="LoginPageLogo" time="2.294"/>
  <system-out/>
  <testcase classname="Test.LoginPageTest1" name="forgetPasswordLink" time="0.582"/>
  <system-out/>
  <testcase classname="Test.LoginPageTest1" name="LoginButtonDisplay" time="0.556"/>
  <system-out/>
  <testcase classname="Test.LoginPageTest1" name="HiringTitleTest" time="0.015"/>
  <system-out/>
  <testcase classname="Test.LoginPageTest1" name="UserPageTest" time="10.700"/>
  <system-out/>
  <testcase classname="Test.LoginPageTest1" name="LogoTest" time="1.485"/>
  <system-out/>
</testsuite> <!-- Test.LoginPageTest1 -->
