<?xml version="1.0" encoding="UTF-8"?>
<!-- Generated by org.testng.reporters.JUnitReportReporter -->
<testsuite hostname="DESKTOP-91HRFE0" failures="0" tests="6" name="Test.LoginPageTest1" time="15.515" errors="0" timestamp="2022-12-15T12:11:28 IST" skipped="0">
  <testcase classname="Test.LoginPageTest1" name="LoginPageLogo" time="2.240"/>
  <system-out/>
  <testcase classname="Test.LoginPageTest1" name="forgetPasswordLink" time="0.689"/>
  <system-out/>
  <testcase classname="Test.LoginPageTest1" name="LoginButtonDisplay" time="0.574"/>
  <system-out/>
  <testcase classname="Test.LoginPageTest1" name="HiringTitleTest" time="0.016"/>
  <system-out/>
  <testcase classname="Test.LoginPageTest1" name="UserPageTest" time="10.709"/>
  <system-out/>
  <testcase classname="Test.LoginPageTest1" name="LogoTest" time="1.287"/>
  <system-out/>
</testsuite> <!-- Test.LoginPageTest1 -->
