<?xml version="1.0" encoding="UTF-8"?>
<!-- Generated by org.testng.reporters.JUnitReportReporter -->
<testsuite hostname="DESKTOP-91HRFE0" failures="0" tests="6" name="Test.LoginPageTest1" time="15.830" errors="0" timestamp="2022-12-06T18:21:02 IST" skipped="0">
  <testcase classname="Test.LoginPageTest1" name="LoginPageLogo" time="2.260"/>
  <system-out/>
  <testcase classname="Test.LoginPageTest1" name="forgetPasswordLink" time="0.618"/>
  <system-out/>
  <testcase classname="Test.LoginPageTest1" name="LoginButtonDisplay" time="0.620"/>
  <system-out/>
  <testcase classname="Test.LoginPageTest1" name="HiringTitleTest" time="0.022"/>
  <system-out/>
  <testcase classname="Test.LoginPageTest1" name="UserPageTest" time="10.905"/>
  <system-out/>
  <testcase classname="Test.LoginPageTest1" name="LogoTest" time="1.405"/>
  <system-out/>
</testsuite> <!-- Test.LoginPageTest1 -->
