<?xml version="1.0" encoding="UTF-8"?>
<!-- Generated by org.testng.reporters.JUnitReportReporter -->
<testsuite hostname="DESKTOP-91HRFE0" failures="0" tests="6" name="Test.LoginPageTest1" time="16.102" errors="0" timestamp="2022-12-27T11:12:39 IST" skipped="0">
  <testcase classname="Test.LoginPageTest1" name="LoginPageLogo" time="2.311"/>
  <system-out/>
  <testcase classname="Test.LoginPageTest1" name="forgetPasswordLink" time="0.714"/>
  <system-out/>
  <testcase classname="Test.LoginPageTest1" name="LoginButtonDisplay" time="0.567"/>
  <system-out/>
  <testcase classname="Test.LoginPageTest1" name="HiringTitleTest" time="0.012"/>
  <system-out/>
  <testcase classname="Test.LoginPageTest1" name="UserPageTest" time="10.716"/>
  <system-out/>
  <testcase classname="Test.LoginPageTest1" name="LogoTest" time="1.782"/>
  <system-out/>
</testsuite> <!-- Test.LoginPageTest1 -->
