<?xml version="1.0" encoding="UTF-8"?>
<!-- Generated by org.testng.reporters.JUnitReportReporter -->
<testsuite hostname="DESKTOP-91HRFE0" failures="0" tests="18" name="Test.UsersPageTest2" time="329.994" errors="0" timestamp="2022-12-27T11:12:38 IST" skipped="0">
  <testcase classname="Test.UsersPageTest2" name="AddUserTest1" time="29.139"/>
  <system-out/>
  <testcase classname="Test.UsersPageTest2" name="DeleteUsers" time="5.312"/>
  <system-out/>
  <testcase classname="Test.UsersPageTest2" name="AdAgency" time="13.882"/>
  <system-out/>
  <testcase classname="Test.UsersPageTest2" name="SearchAgency" time="2.435"/>
  <system-out/>
  <testcase classname="Test.UsersPageTest2" name="deleteAgency" time="3.428"/>
  <system-out/>
  <testcase classname="Test.UsersPageTest2" name="SearchingJd" time="3.915"/>
  <system-out/>
  <testcase classname="Test.UsersPageTest2" name="addJD" time="37.506"/>
  <system-out/>
  <testcase classname="Test.UsersPageTest2" name="ViewProfileJD" time="12.175"/>
  <system-out/>
  <testcase classname="Test.UsersPageTest2" name="ViewrejectProfile" time="49.314"/>
  <system-out/>
  <testcase classname="Test.UsersPageTest2" name="ViewDuplicateProf" time="53.849"/>
  <system-out/>
  <testcase classname="Test.UsersPageTest2" name="panelistAdd" time="10.969"/>
  <system-out/>
  <testcase classname="Test.UsersPageTest2" name="addingSlots" time="35.229"/>
  <system-out/>
  <testcase classname="Test.UsersPageTest2" name="searchingPanelists" time="6.038"/>
  <system-out/>
  <testcase classname="Test.UsersPageTest2" name="editingPanelists" time="4.578"/>
  <system-out/>
  <testcase classname="Test.UsersPageTest2" name="panelistOverviewDisplay" time="12.738"/>
  <system-out/>
  <testcase classname="Test.UsersPageTest2" name="jobProfilesDisplay" time="14.173"/>
  <system-out/>
  <testcase classname="Test.UsersPageTest2" name="recruitersDisplay" time="24.194"/>
  <system-out/>
  <testcase classname="Test.UsersPageTest2" name="hrRoundDataDisplay" time="11.120"/>
  <system-out/>
</testsuite> <!-- Test.UsersPageTest2 -->
