<?xml version="1.0" encoding="UTF-8"?>
<!-- Generated by org.testng.reporters.JUnitReportReporter -->
<testsuite hostname="DESKTOP-91HRFE0" failures="0" tests="6" name="Test.LoginPageTest1" time="14.914" errors="0" timestamp="2022-12-05T15:56:16 IST" skipped="0">
  <testcase classname="Test.LoginPageTest1" name="LoginPageLogo" time="2.092"/>
  <system-out/>
  <testcase classname="Test.LoginPageTest1" name="forgetPasswordLink" time="0.557"/>
  <system-out/>
  <testcase classname="Test.LoginPageTest1" name="LoginButtonDisplay" time="0.552"/>
  <system-out/>
  <testcase classname="Test.LoginPageTest1" name="HiringTitleTest" time="0.012"/>
  <system-out/>
  <testcase classname="Test.LoginPageTest1" name="UserPageTest" time="10.587"/>
  <system-out/>
  <testcase classname="Test.LoginPageTest1" name="LogoTest" time="1.114"/>
  <system-out/>
</testsuite> <!-- Test.LoginPageTest1 -->
